Loaded 578 files from /home/agoyal19/Dataset/Dataset_Full/images
Reconstructed images shape: torch.Size([4, 1, 197, 233, 189])
Reconstructed images shape: torch.Size([4, 1, 197, 233, 189])
Reconstructed images shape: torch.Size([4, 1, 197, 233, 189])
Reconstructed images shape: torch.Size([4, 1, 197, 233, 189])
Reconstructed images shape: torch.Size([4, 1, 197, 233, 189])
Reconstructed images shape: torch.Size([4, 1, 197, 233, 189])
Reconstructed images shape: torch.Size([4, 1, 197, 233, 189])
Reconstructed images shape: torch.Size([4, 1, 197, 233, 189])
Reconstructed images shape: torch.Size([4, 1, 197, 233, 189])
Reconstructed images shape: torch.Size([4, 1, 197, 233, 189])
Reconstructed images shape: torch.Size([4, 1, 197, 233, 189])
Reconstructed images shape: torch.Size([4, 1, 197, 233, 189])
Reconstructed images shape: torch.Size([4, 1, 197, 233, 189])
Reconstructed images shape: torch.Size([4, 1, 197, 233, 189])
Reconstructed images shape: torch.Size([4, 1, 197, 233, 189])
Reconstructed images shape: torch.Size([4, 1, 197, 233, 189])
Reconstructed images shape: torch.Size([4, 1, 197, 233, 189])
Reconstructed images shape: torch.Size([4, 1, 197, 233, 189])
Reconstructed images shape: torch.Size([4, 1, 197, 233, 189])
Reconstructed images shape: torch.Size([4, 1, 197, 233, 189])
Reconstructed images shape: torch.Size([4, 1, 197, 233, 189])
Reconstructed images shape: torch.Size([4, 1, 197, 233, 189])
Reconstructed images shape: torch.Size([4, 1, 197, 233, 189])
Reconstructed images shape: torch.Size([4, 1, 197, 233, 189])
Reconstructed images shape: torch.Size([4, 1, 197, 233, 189])
Reconstructed images shape: torch.Size([4, 1, 197, 233, 189])
Reconstructed images shape: torch.Size([4, 1, 197, 233, 189])
Reconstructed images shape: torch.Size([4, 1, 197, 233, 189])
Reconstructed images shape: torch.Size([4, 1, 197, 233, 189])
Reconstructed images shape: torch.Size([4, 1, 197, 233, 189])
Reconstructed images shape: torch.Size([4, 1, 197, 233, 189])
Reconstructed images shape: torch.Size([4, 1, 197, 233, 189])
Reconstructed images shape: torch.Size([4, 1, 197, 233, 189])
Reconstructed images shape: torch.Size([4, 1, 197, 233, 189])
Reconstructed images shape: torch.Size([4, 1, 197, 233, 189])
Reconstructed images shape: torch.Size([4, 1, 197, 233, 189])
Reconstructed images shape: torch.Size([4, 1, 197, 233, 189])
Reconstructed images shape: torch.Size([4, 1, 197, 233, 189])
Reconstructed images shape: torch.Size([4, 1, 197, 233, 189])
Reconstructed images shape: torch.Size([4, 1, 197, 233, 189])
Reconstructed images shape: torch.Size([4, 1, 197, 233, 189])
Reconstructed images shape: torch.Size([4, 1, 197, 233, 189])
Reconstructed images shape: torch.Size([4, 1, 197, 233, 189])
Reconstructed images shape: torch.Size([4, 1, 197, 233, 189])
Reconstructed images shape: torch.Size([4, 1, 197, 233, 189])
Reconstructed images shape: torch.Size([4, 1, 197, 233, 189])
Reconstructed images shape: torch.Size([4, 1, 197, 233, 189])
Reconstructed images shape: torch.Size([4, 1, 197, 233, 189])
Reconstructed images shape: torch.Size([4, 1, 197, 233, 189])
Reconstructed images shape: torch.Size([4, 1, 197, 233, 189])
Reconstructed images shape: torch.Size([4, 1, 197, 233, 189])
Reconstructed images shape: torch.Size([4, 1, 197, 233, 189])
Reconstructed images shape: torch.Size([4, 1, 197, 233, 189])
Reconstructed images shape: torch.Size([4, 1, 197, 233, 189])
Reconstructed images shape: torch.Size([4, 1, 197, 233, 189])
Reconstructed images shape: torch.Size([4, 1, 197, 233, 189])
Reconstructed images shape: torch.Size([4, 1, 197, 233, 189])
Reconstructed images shape: torch.Size([4, 1, 197, 233, 189])
Reconstructed images shape: torch.Size([4, 1, 197, 233, 189])
Reconstructed images shape: torch.Size([4, 1, 197, 233, 189])
Reconstructed images shape: torch.Size([4, 1, 197, 233, 189])
Reconstructed images shape: torch.Size([4, 1, 197, 233, 189])
Reconstructed images shape: torch.Size([4, 1, 197, 233, 189])
Reconstructed images shape: torch.Size([4, 1, 197, 233, 189])
Reconstructed images shape: torch.Size([4, 1, 197, 233, 189])
Reconstructed images shape: torch.Size([4, 1, 197, 233, 189])
Reconstructed images shape: torch.Size([4, 1, 197, 233, 189])
Reconstructed images shape: torch.Size([4, 1, 197, 233, 189])
Reconstructed images shape: torch.Size([4, 1, 197, 233, 189])
Reconstructed images shape: torch.Size([4, 1, 197, 233, 189])
Reconstructed images shape: torch.Size([4, 1, 197, 233, 189])
Reconstructed images shape: torch.Size([4, 1, 197, 233, 189])
Reconstructed images shape: torch.Size([4, 1, 197, 233, 189])
Reconstructed images shape: torch.Size([4, 1, 197, 233, 189])
Reconstructed images shape: torch.Size([4, 1, 197, 233, 189])
Reconstructed images shape: torch.Size([4, 1, 197, 233, 189])
Reconstructed images shape: torch.Size([4, 1, 197, 233, 189])
Reconstructed images shape: torch.Size([4, 1, 197, 233, 189])
Reconstructed images shape: torch.Size([4, 1, 197, 233, 189])
Reconstructed images shape: torch.Size([4, 1, 197, 233, 189])
Reconstructed images shape: torch.Size([4, 1, 197, 233, 189])
Reconstructed images shape: torch.Size([4, 1, 197, 233, 189])
Reconstructed images shape: torch.Size([4, 1, 197, 233, 189])
Reconstructed images shape: torch.Size([4, 1, 197, 233, 189])
Reconstructed images shape: torch.Size([4, 1, 197, 233, 189])
Reconstructed images shape: torch.Size([4, 1, 197, 233, 189])
Reconstructed images shape: torch.Size([4, 1, 197, 233, 189])
Reconstructed images shape: torch.Size([4, 1, 197, 233, 189])
Reconstructed images shape: torch.Size([4, 1, 197, 233, 189])
Reconstructed images shape: torch.Size([4, 1, 197, 233, 189])
Reconstructed images shape: torch.Size([4, 1, 197, 233, 189])
Reconstructed images shape: torch.Size([4, 1, 197, 233, 189])
Reconstructed images shape: torch.Size([4, 1, 197, 233, 189])
Reconstructed images shape: torch.Size([4, 1, 197, 233, 189])
Reconstructed images shape: torch.Size([4, 1, 197, 233, 189])
Reconstructed images shape: torch.Size([4, 1, 197, 233, 189])
Reconstructed images shape: torch.Size([4, 1, 197, 233, 189])
Reconstructed images shape: torch.Size([4, 1, 197, 233, 189])
Reconstructed images shape: torch.Size([4, 1, 197, 233, 189])
Reconstructed images shape: torch.Size([4, 1, 197, 233, 189])
Reconstructed images shape: torch.Size([4, 1, 197, 233, 189])
Reconstructed images shape: torch.Size([4, 1, 197, 233, 189])
Reconstructed images shape: torch.Size([4, 1, 197, 233, 189])
Reconstructed images shape: torch.Size([4, 1, 197, 233, 189])
Reconstructed images shape: torch.Size([4, 1, 197, 233, 189])
Reconstructed images shape: torch.Size([4, 1, 197, 233, 189])
Reconstructed images shape: torch.Size([4, 1, 197, 233, 189])
Reconstructed images shape: torch.Size([4, 1, 197, 233, 189])
Reconstructed images shape: torch.Size([4, 1, 197, 233, 189])
Reconstructed images shape: torch.Size([4, 1, 197, 233, 189])
Reconstructed images shape: torch.Size([4, 1, 197, 233, 189])
Reconstructed images shape: torch.Size([4, 1, 197, 233, 189])
Reconstructed images shape: torch.Size([4, 1, 197, 233, 189])
Reconstructed images shape: torch.Size([4, 1, 197, 233, 189])
Reconstructed images shape: torch.Size([4, 1, 197, 233, 189])
Reconstructed images shape: torch.Size([4, 1, 197, 233, 189])
Reconstructed images shape: torch.Size([4, 1, 197, 233, 189])
Reconstructed images shape: torch.Size([4, 1, 197, 233, 189])
Reconstructed images shape: torch.Size([4, 1, 197, 233, 189])
Reconstructed images shape: torch.Size([4, 1, 197, 233, 189])
Reconstructed images shape: torch.Size([4, 1, 197, 233, 189])
Reconstructed images shape: torch.Size([4, 1, 197, 233, 189])
Reconstructed images shape: torch.Size([4, 1, 197, 233, 189])
Reconstructed images shape: torch.Size([4, 1, 197, 233, 189])
Reconstructed images shape: torch.Size([4, 1, 197, 233, 189])
Reconstructed images shape: torch.Size([4, 1, 197, 233, 189])
Reconstructed images shape: torch.Size([4, 1, 197, 233, 189])
Reconstructed images shape: torch.Size([4, 1, 197, 233, 189])
Reconstructed images shape: torch.Size([4, 1, 197, 233, 189])
Reconstructed images shape: torch.Size([4, 1, 197, 233, 189])
Reconstructed images shape: torch.Size([4, 1, 197, 233, 189])
Reconstructed images shape: torch.Size([4, 1, 197, 233, 189])
Reconstructed images shape: torch.Size([4, 1, 197, 233, 189])
Reconstructed images shape: torch.Size([4, 1, 197, 233, 189])
Reconstructed images shape: torch.Size([4, 1, 197, 233, 189])
Reconstructed images shape: torch.Size([4, 1, 197, 233, 189])
Reconstructed images shape: torch.Size([4, 1, 197, 233, 189])
Reconstructed images shape: torch.Size([4, 1, 197, 233, 189])
Reconstructed images shape: torch.Size([4, 1, 197, 233, 189])
Reconstructed images shape: torch.Size([4, 1, 197, 233, 189])
Reconstructed images shape: torch.Size([4, 1, 197, 233, 189])
Reconstructed images shape: torch.Size([4, 1, 197, 233, 189])
Reconstructed images shape: torch.Size([4, 1, 197, 233, 189])
Reconstructed images shape: torch.Size([4, 1, 197, 233, 189])
Reconstructed images shape: torch.Size([2, 1, 197, 233, 189])
Average Validation Loss: 0.0113
