Loaded 195 files from /home/agoyal19/Dataset/Dataset_1/images
Reconstructed images shape: torch.Size([4, 1, 197, 233, 189])
Reconstructed images shape: torch.Size([4, 1, 197, 233, 189])
Reconstructed images shape: torch.Size([4, 1, 197, 233, 189])
Reconstructed images shape: torch.Size([4, 1, 197, 233, 189])
Reconstructed images shape: torch.Size([4, 1, 197, 233, 189])
Reconstructed images shape: torch.Size([4, 1, 197, 233, 189])
Reconstructed images shape: torch.Size([4, 1, 197, 233, 189])
Reconstructed images shape: torch.Size([4, 1, 197, 233, 189])
Reconstructed images shape: torch.Size([4, 1, 197, 233, 189])
Reconstructed images shape: torch.Size([4, 1, 197, 233, 189])
Reconstructed images shape: torch.Size([4, 1, 197, 233, 189])
Reconstructed images shape: torch.Size([4, 1, 197, 233, 189])
Reconstructed images shape: torch.Size([4, 1, 197, 233, 189])
Reconstructed images shape: torch.Size([4, 1, 197, 233, 189])
Reconstructed images shape: torch.Size([4, 1, 197, 233, 189])
Reconstructed images shape: torch.Size([4, 1, 197, 233, 189])
Reconstructed images shape: torch.Size([4, 1, 197, 233, 189])
Reconstructed images shape: torch.Size([4, 1, 197, 233, 189])
Reconstructed images shape: torch.Size([4, 1, 197, 233, 189])
Reconstructed images shape: torch.Size([4, 1, 197, 233, 189])
Reconstructed images shape: torch.Size([4, 1, 197, 233, 189])
Reconstructed images shape: torch.Size([4, 1, 197, 233, 189])
Reconstructed images shape: torch.Size([4, 1, 197, 233, 189])
Reconstructed images shape: torch.Size([4, 1, 197, 233, 189])
Reconstructed images shape: torch.Size([4, 1, 197, 233, 189])
Reconstructed images shape: torch.Size([4, 1, 197, 233, 189])
Reconstructed images shape: torch.Size([4, 1, 197, 233, 189])
Reconstructed images shape: torch.Size([4, 1, 197, 233, 189])
Reconstructed images shape: torch.Size([4, 1, 197, 233, 189])
Reconstructed images shape: torch.Size([4, 1, 197, 233, 189])
Reconstructed images shape: torch.Size([4, 1, 197, 233, 189])
Reconstructed images shape: torch.Size([4, 1, 197, 233, 189])
Reconstructed images shape: torch.Size([4, 1, 197, 233, 189])
Reconstructed images shape: torch.Size([4, 1, 197, 233, 189])
Reconstructed images shape: torch.Size([4, 1, 197, 233, 189])
Reconstructed images shape: torch.Size([4, 1, 197, 233, 189])
Reconstructed images shape: torch.Size([4, 1, 197, 233, 189])
Reconstructed images shape: torch.Size([4, 1, 197, 233, 189])
Reconstructed images shape: torch.Size([4, 1, 197, 233, 189])
Reconstructed images shape: torch.Size([4, 1, 197, 233, 189])
Reconstructed images shape: torch.Size([4, 1, 197, 233, 189])
Reconstructed images shape: torch.Size([4, 1, 197, 233, 189])
Reconstructed images shape: torch.Size([4, 1, 197, 233, 189])
Reconstructed images shape: torch.Size([4, 1, 197, 233, 189])
Reconstructed images shape: torch.Size([4, 1, 197, 233, 189])
Reconstructed images shape: torch.Size([4, 1, 197, 233, 189])
Reconstructed images shape: torch.Size([4, 1, 197, 233, 189])
Reconstructed images shape: torch.Size([4, 1, 197, 233, 189])
Reconstructed images shape: torch.Size([3, 1, 197, 233, 189])
Average Validation Loss: 0.0108
