Loaded 240 files from /home/agoyal19/Dataset/Dataset_0.5/images
Reconstructed images shape: torch.Size([4, 1, 197, 233, 189])
Reconstructed images shape: torch.Size([4, 1, 197, 233, 189])
Reconstructed images shape: torch.Size([4, 1, 197, 233, 189])
Reconstructed images shape: torch.Size([4, 1, 197, 233, 189])
Reconstructed images shape: torch.Size([4, 1, 197, 233, 189])
Reconstructed images shape: torch.Size([4, 1, 197, 233, 189])
Reconstructed images shape: torch.Size([4, 1, 197, 233, 189])
Reconstructed images shape: torch.Size([4, 1, 197, 233, 189])
Reconstructed images shape: torch.Size([4, 1, 197, 233, 189])
Reconstructed images shape: torch.Size([4, 1, 197, 233, 189])
Reconstructed images shape: torch.Size([4, 1, 197, 233, 189])
Reconstructed images shape: torch.Size([4, 1, 197, 233, 189])
Reconstructed images shape: torch.Size([4, 1, 197, 233, 189])
Reconstructed images shape: torch.Size([4, 1, 197, 233, 189])
Reconstructed images shape: torch.Size([4, 1, 197, 233, 189])
Reconstructed images shape: torch.Size([4, 1, 197, 233, 189])
Reconstructed images shape: torch.Size([4, 1, 197, 233, 189])
Reconstructed images shape: torch.Size([4, 1, 197, 233, 189])
Reconstructed images shape: torch.Size([4, 1, 197, 233, 189])
Reconstructed images shape: torch.Size([4, 1, 197, 233, 189])
Reconstructed images shape: torch.Size([4, 1, 197, 233, 189])
Reconstructed images shape: torch.Size([4, 1, 197, 233, 189])
Reconstructed images shape: torch.Size([4, 1, 197, 233, 189])
Reconstructed images shape: torch.Size([4, 1, 197, 233, 189])
Reconstructed images shape: torch.Size([4, 1, 197, 233, 189])
Reconstructed images shape: torch.Size([4, 1, 197, 233, 189])
Reconstructed images shape: torch.Size([4, 1, 197, 233, 189])
Reconstructed images shape: torch.Size([4, 1, 197, 233, 189])
Reconstructed images shape: torch.Size([4, 1, 197, 233, 189])
Reconstructed images shape: torch.Size([4, 1, 197, 233, 189])
Reconstructed images shape: torch.Size([4, 1, 197, 233, 189])
Reconstructed images shape: torch.Size([4, 1, 197, 233, 189])
Reconstructed images shape: torch.Size([4, 1, 197, 233, 189])
Reconstructed images shape: torch.Size([4, 1, 197, 233, 189])
Reconstructed images shape: torch.Size([4, 1, 197, 233, 189])
Reconstructed images shape: torch.Size([4, 1, 197, 233, 189])
Reconstructed images shape: torch.Size([4, 1, 197, 233, 189])
Reconstructed images shape: torch.Size([4, 1, 197, 233, 189])
Reconstructed images shape: torch.Size([4, 1, 197, 233, 189])
Reconstructed images shape: torch.Size([4, 1, 197, 233, 189])
Reconstructed images shape: torch.Size([4, 1, 197, 233, 189])
Reconstructed images shape: torch.Size([4, 1, 197, 233, 189])
Reconstructed images shape: torch.Size([4, 1, 197, 233, 189])
Reconstructed images shape: torch.Size([4, 1, 197, 233, 189])
Reconstructed images shape: torch.Size([4, 1, 197, 233, 189])
Reconstructed images shape: torch.Size([4, 1, 197, 233, 189])
Reconstructed images shape: torch.Size([4, 1, 197, 233, 189])
Reconstructed images shape: torch.Size([4, 1, 197, 233, 189])
Reconstructed images shape: torch.Size([4, 1, 197, 233, 189])
Reconstructed images shape: torch.Size([4, 1, 197, 233, 189])
Reconstructed images shape: torch.Size([4, 1, 197, 233, 189])
Reconstructed images shape: torch.Size([4, 1, 197, 233, 189])
Reconstructed images shape: torch.Size([4, 1, 197, 233, 189])
Reconstructed images shape: torch.Size([4, 1, 197, 233, 189])
Reconstructed images shape: torch.Size([4, 1, 197, 233, 189])
Reconstructed images shape: torch.Size([4, 1, 197, 233, 189])
Reconstructed images shape: torch.Size([4, 1, 197, 233, 189])
Reconstructed images shape: torch.Size([4, 1, 197, 233, 189])
Reconstructed images shape: torch.Size([4, 1, 197, 233, 189])
Reconstructed images shape: torch.Size([4, 1, 197, 233, 189])
Average Validation Loss: 0.0111
